{"total": {"lines":{"total":911,"covered":638,"skipped":0,"pct":70.03},"statements":{"total":985,"covered":646,"skipped":0,"pct":65.58},"functions":{"total":251,"covered":135,"skipped":0,"pct":53.78},"branches":{"total":397,"covered":180,"skipped":0,"pct":45.34},"branchesTrue":{"total":0,"covered":0,"skipped":0,"pct":100}}
,"C:\\Users\\Martin\\Desktop\\eventPlanner\\src\\components\\Calendar\\Calendar.vue": {"lines":{"total":26,"covered":23,"skipped":0,"pct":88.46},"functions":{"total":10,"covered":7,"skipped":0,"pct":70},"statements":{"total":26,"covered":23,"skipped":0,"pct":88.46},"branches":{"total":0,"covered":0,"skipped":0,"pct":100}}
,"C:\\Users\\Martin\\Desktop\\eventPlanner\\src\\components\\Charts\\MapChart.vue": {"lines":{"total":25,"covered":19,"skipped":0,"pct":76},"functions":{"total":11,"covered":6,"skipped":0,"pct":54.54},"statements":{"total":27,"covered":21,"skipped":0,"pct":77.77},"branches":{"total":2,"covered":1,"skipped":0,"pct":50}}
,"C:\\Users\\Martin\\Desktop\\eventPlanner\\src\\components\\Charts\\ProfitChart.vue": {"lines":{"total":9,"covered":9,"skipped":0,"pct":100},"functions":{"total":1,"covered":1,"skipped":0,"pct":100},"statements":{"total":9,"covered":9,"skipped":0,"pct":100},"branches":{"total":0,"covered":0,"skipped":0,"pct":100}}
,"C:\\Users\\Martin\\Desktop\\eventPlanner\\src\\components\\Custom-Input\\CustomInput.vue": {"lines":{"total":10,"covered":10,"skipped":0,"pct":100},"functions":{"total":1,"covered":1,"skipped":0,"pct":100},"statements":{"total":10,"covered":10,"skipped":0,"pct":100},"branches":{"total":2,"covered":2,"skipped":0,"pct":100}}
,"C:\\Users\\Martin\\Desktop\\eventPlanner\\src\\components\\Custom-Modal\\CustomModal.vue": {"lines":{"total":20,"covered":20,"skipped":0,"pct":100},"functions":{"total":3,"covered":3,"skipped":0,"pct":100},"statements":{"total":21,"covered":21,"skipped":0,"pct":100},"branches":{"total":0,"covered":0,"skipped":0,"pct":100}}
,"C:\\Users\\Martin\\Desktop\\eventPlanner\\src\\components\\Dropdown\\Dropdown.vue": {"lines":{"total":46,"covered":34,"skipped":0,"pct":73.91},"functions":{"total":12,"covered":5,"skipped":0,"pct":41.66},"statements":{"total":47,"covered":34,"skipped":0,"pct":72.34},"branches":{"total":12,"covered":4,"skipped":0,"pct":33.33}}
,"C:\\Users\\Martin\\Desktop\\eventPlanner\\src\\components\\Event-Modals\\DescriptionModal.vue": {"lines":{"total":21,"covered":20,"skipped":0,"pct":95.23},"functions":{"total":6,"covered":5,"skipped":0,"pct":83.33},"statements":{"total":21,"covered":20,"skipped":0,"pct":95.23},"branches":{"total":0,"covered":0,"skipped":0,"pct":100}}
,"C:\\Users\\Martin\\Desktop\\eventPlanner\\src\\components\\Event-Modals\\EditEventModal.vue": {"lines":{"total":68,"covered":54,"skipped":0,"pct":79.41},"functions":{"total":27,"covered":19,"skipped":0,"pct":70.37},"statements":{"total":81,"covered":55,"skipped":0,"pct":67.9},"branches":{"total":51,"covered":23,"skipped":0,"pct":45.09}}
,"C:\\Users\\Martin\\Desktop\\eventPlanner\\src\\components\\Header\\HeaderComponent.vue": {"lines":{"total":27,"covered":23,"skipped":0,"pct":85.18},"functions":{"total":6,"covered":2,"skipped":0,"pct":33.33},"statements":{"total":27,"covered":23,"skipped":0,"pct":85.18},"branches":{"total":16,"covered":10,"skipped":0,"pct":62.5}}
,"C:\\Users\\Martin\\Desktop\\eventPlanner\\src\\components\\User-Modals\\ChangeUserPasswordModal.vue": {"lines":{"total":36,"covered":26,"skipped":0,"pct":72.22},"functions":{"total":14,"covered":7,"skipped":0,"pct":50},"statements":{"total":54,"covered":27,"skipped":0,"pct":50},"branches":{"total":33,"covered":4,"skipped":0,"pct":12.12}}
,"C:\\Users\\Martin\\Desktop\\eventPlanner\\src\\components\\User-Modals\\EditLocationModal.vue": {"lines":{"total":36,"covered":21,"skipped":0,"pct":58.33},"functions":{"total":10,"covered":2,"skipped":0,"pct":20},"statements":{"total":36,"covered":21,"skipped":0,"pct":58.33},"branches":{"total":4,"covered":0,"skipped":0,"pct":0}}
,"C:\\Users\\Martin\\Desktop\\eventPlanner\\src\\pages\\HomePage.vue": {"lines":{"total":51,"covered":47,"skipped":0,"pct":92.15},"functions":{"total":14,"covered":10,"skipped":0,"pct":71.42},"statements":{"total":53,"covered":48,"skipped":0,"pct":90.56},"branches":{"total":16,"covered":15,"skipped":0,"pct":93.75}}
,"C:\\Users\\Martin\\Desktop\\eventPlanner\\src\\pages\\NotFound.vue": {"lines":{"total":16,"covered":15,"skipped":0,"pct":93.75},"functions":{"total":3,"covered":2,"skipped":0,"pct":66.66},"statements":{"total":16,"covered":15,"skipped":0,"pct":93.75},"branches":{"total":4,"covered":3,"skipped":0,"pct":75}}
,"C:\\Users\\Martin\\Desktop\\eventPlanner\\src\\pages\\Budget\\BudgetPage.vue": {"lines":{"total":54,"covered":51,"skipped":0,"pct":94.44},"functions":{"total":12,"covered":9,"skipped":0,"pct":75},"statements":{"total":54,"covered":51,"skipped":0,"pct":94.44},"branches":{"total":16,"covered":13,"skipped":0,"pct":81.25}}
,"C:\\Users\\Martin\\Desktop\\eventPlanner\\src\\pages\\EventsPage\\CreateEvent.vue": {"lines":{"total":77,"covered":50,"skipped":0,"pct":64.93},"functions":{"total":18,"covered":6,"skipped":0,"pct":33.33},"statements":{"total":95,"covered":51,"skipped":0,"pct":53.68},"branches":{"total":41,"covered":7,"skipped":0,"pct":17.07}}
,"C:\\Users\\Martin\\Desktop\\eventPlanner\\src\\pages\\EventsPage\\EventCatalog.vue": {"lines":{"total":58,"covered":54,"skipped":0,"pct":93.1},"functions":{"total":14,"covered":10,"skipped":0,"pct":71.42},"statements":{"total":58,"covered":54,"skipped":0,"pct":93.1},"branches":{"total":26,"covered":19,"skipped":0,"pct":73.07}}
,"C:\\Users\\Martin\\Desktop\\eventPlanner\\src\\pages\\EventsPage\\EventDetailsPage.vue": {"lines":{"total":99,"covered":95,"skipped":0,"pct":95.95},"functions":{"total":24,"covered":20,"skipped":0,"pct":83.33},"statements":{"total":99,"covered":95,"skipped":0,"pct":95.95},"branches":{"total":60,"covered":49,"skipped":0,"pct":81.66}}
,"C:\\Users\\Martin\\Desktop\\eventPlanner\\src\\pages\\EventsPage\\EventFilter.vue": {"lines":{"total":52,"covered":37,"skipped":0,"pct":71.15},"functions":{"total":23,"covered":11,"skipped":0,"pct":47.82},"statements":{"total":71,"covered":38,"skipped":0,"pct":53.52},"branches":{"total":53,"covered":14,"skipped":0,"pct":26.41}}
,"C:\\Users\\Martin\\Desktop\\eventPlanner\\src\\services\\events\\eventServices.js": {"lines":{"total":50,"covered":0,"skipped":0,"pct":0},"functions":{"total":9,"covered":0,"skipped":0,"pct":0},"statements":{"total":50,"covered":0,"skipped":0,"pct":0},"branches":{"total":12,"covered":0,"skipped":0,"pct":0}}
,"C:\\Users\\Martin\\Desktop\\eventPlanner\\src\\services\\users\\userServices.js": {"lines":{"total":50,"covered":0,"skipped":0,"pct":0},"functions":{"total":7,"covered":0,"skipped":0,"pct":0},"statements":{"total":50,"covered":0,"skipped":0,"pct":0},"branches":{"total":18,"covered":0,"skipped":0,"pct":0}}
,"C:\\Users\\Martin\\Desktop\\eventPlanner\\src\\store\\eventStore.js": {"lines":{"total":44,"covered":19,"skipped":0,"pct":43.18},"functions":{"total":15,"covered":5,"skipped":0,"pct":33.33},"statements":{"total":44,"covered":19,"skipped":0,"pct":43.18},"branches":{"total":24,"covered":11,"skipped":0,"pct":45.83}}
,"C:\\Users\\Martin\\Desktop\\eventPlanner\\src\\store\\userStore.js": {"lines":{"total":20,"covered":5,"skipped":0,"pct":25},"functions":{"total":8,"covered":3,"skipped":0,"pct":37.5},"statements":{"total":20,"covered":5,"skipped":0,"pct":25},"branches":{"total":6,"covered":4,"skipped":0,"pct":66.66}}
,"C:\\Users\\Martin\\Desktop\\eventPlanner\\src\\utils\\constants.js": {"lines":{"total":2,"covered":2,"skipped":0,"pct":100},"functions":{"total":0,"covered":0,"skipped":0,"pct":100},"statements":{"total":2,"covered":2,"skipped":0,"pct":100},"branches":{"total":0,"covered":0,"skipped":0,"pct":100}}
,"C:\\Users\\Martin\\Desktop\\eventPlanner\\src\\utils\\getAddressFromCoordinates.js": {"lines":{"total":8,"covered":1,"skipped":0,"pct":12.5},"functions":{"total":1,"covered":0,"skipped":0,"pct":0},"statements":{"total":8,"covered":1,"skipped":0,"pct":12.5},"branches":{"total":0,"covered":0,"skipped":0,"pct":100}}
,"C:\\Users\\Martin\\Desktop\\eventPlanner\\src\\utils\\getTimeZone.js": {"lines":{"total":4,"covered":1,"skipped":0,"pct":25},"functions":{"total":1,"covered":0,"skipped":0,"pct":0},"statements":{"total":4,"covered":1,"skipped":0,"pct":25},"branches":{"total":0,"covered":0,"skipped":0,"pct":100}}
,"C:\\Users\\Martin\\Desktop\\eventPlanner\\src\\utils\\notifications\\showNotification.js": {"lines":{"total":2,"covered":2,"skipped":0,"pct":100},"functions":{"total":1,"covered":1,"skipped":0,"pct":100},"statements":{"total":2,"covered":2,"skipped":0,"pct":100},"branches":{"total":1,"covered":1,"skipped":0,"pct":100}}
}
