{"total": {"lines":{"total":238,"covered":89,"skipped":0,"pct":37.39},"statements":{"total":238,"covered":89,"skipped":0,"pct":37.39},"functions":{"total":58,"covered":18,"skipped":0,"pct":31.03},"branches":{"total":86,"covered":33,"skipped":0,"pct":38.37},"branchesTrue":{"total":0,"covered":0,"skipped":0,"pct":100}}
,"C:\\Users\\Martin\\Desktop\\eventPlanner\\src\\pages\\HomePage.vue": {"lines":{"total":29,"covered":26,"skipped":0,"pct":89.65},"functions":{"total":6,"covered":4,"skipped":0,"pct":66.66},"statements":{"total":29,"covered":26,"skipped":0,"pct":89.65},"branches":{"total":10,"covered":9,"skipped":0,"pct":90}}
,"C:\\Users\\Martin\\Desktop\\eventPlanner\\src\\pages\\EventsPage\\EventCatalog.vue": {"lines":{"total":57,"covered":50,"skipped":0,"pct":87.71},"functions":{"total":15,"covered":9,"skipped":0,"pct":60},"statements":{"total":57,"covered":50,"skipped":0,"pct":87.71},"branches":{"total":22,"covered":13,"skipped":0,"pct":59.09}}
,"C:\\Users\\Martin\\Desktop\\eventPlanner\\src\\services\\events\\eventServices.js": {"lines":{"total":53,"covered":0,"skipped":0,"pct":0},"functions":{"total":9,"covered":0,"skipped":0,"pct":0},"statements":{"total":53,"covered":0,"skipped":0,"pct":0},"branches":{"total":12,"covered":0,"skipped":0,"pct":0}}
,"C:\\Users\\Martin\\Desktop\\eventPlanner\\src\\services\\users\\userServices.js": {"lines":{"total":38,"covered":0,"skipped":0,"pct":0},"functions":{"total":6,"covered":0,"skipped":0,"pct":0},"statements":{"total":38,"covered":0,"skipped":0,"pct":0},"branches":{"total":12,"covered":0,"skipped":0,"pct":0}}
,"C:\\Users\\Martin\\Desktop\\eventPlanner\\src\\store\\eventStore.js": {"lines":{"total":45,"covered":10,"skipped":0,"pct":22.22},"functions":{"total":15,"covered":3,"skipped":0,"pct":20},"statements":{"total":45,"covered":10,"skipped":0,"pct":22.22},"branches":{"total":24,"covered":8,"skipped":0,"pct":33.33}}
,"C:\\Users\\Martin\\Desktop\\eventPlanner\\src\\store\\userStore.js": {"lines":{"total":16,"covered":3,"skipped":0,"pct":18.75},"functions":{"total":7,"covered":2,"skipped":0,"pct":28.57},"statements":{"total":16,"covered":3,"skipped":0,"pct":18.75},"branches":{"total":6,"covered":3,"skipped":0,"pct":50}}
}
